<?xml version="1.0" encoding="UTF-8"?>
<!-- Generated by org.testng.reporters.JUnitXMLReporter -->
<testsuite ignored="6" hostname="IPS-215" failures="3" tests="4" name="Test" time="35.991" errors="0" timestamp="2024-08-23T11:31:10 IST">
  <testcase classname="Testcase.Verified_Home_Testcase2" name="Verified_Home_Page" time="17.405"/>
  <testcase classname="Testcase.Verified_SignIn_Testcase" name="Verified_Sign_In_Page" time="5.011">
    <failure type="java.lang.NullPointerException" message="Cannot invoke &amp;quot;org.openqa.selenium.WebDriver.findElement(org.openqa.selenium.By)&amp;quot; because &amp;quot;driver&amp;quot; is null">
      <![CDATA[java.lang.NullPointerException: Cannot invoke "org.openqa.selenium.WebDriver.findElement(org.openqa.selenium.By)" because "driver" is null
at org.openqa.selenium.support.ui.ExpectedConditions$7.apply(ExpectedConditions.java:194)
at org.openqa.selenium.support.ui.ExpectedConditions$7.apply(ExpectedConditions.java:190)
at org.openqa.selenium.support.ui.FluentWait.until(FluentWait.java:203)
at Utils.Testmethod.waitVisibilityOfElement(Testmethod.java:22)
at Utils.Testmethod.click(Testmethod.java:27)
at ObjectFile.Home_page2.SignIn(Home_page2.java:86)
at Testcase.Verified_SignIn_Testcase.Verified_Sign_In_Page(Verified_SignIn_Testcase.java:13)
at java.base/java.util.ArrayList.forEach(ArrayList.java:1596)
... Removed 25 stack frames]]>
    </failure>
  </testcase> <!-- Verified_Sign_In_Page -->
  <testcase classname="Testcase.Verified_Sign_Up_Page" name="Verified_SignUp_Page" time="7.007">
    <failure type="java.lang.NullPointerException" message="Cannot invoke &amp;quot;org.openqa.selenium.WebDriver.findElement(org.openqa.selenium.By)&amp;quot; because &amp;quot;driver&amp;quot; is null">
      <![CDATA[java.lang.NullPointerException: Cannot invoke "org.openqa.selenium.WebDriver.findElement(org.openqa.selenium.By)" because "driver" is null
at org.openqa.selenium.support.ui.ExpectedConditions$7.apply(ExpectedConditions.java:194)
at org.openqa.selenium.support.ui.ExpectedConditions$7.apply(ExpectedConditions.java:190)
at org.openqa.selenium.support.ui.FluentWait.until(FluentWait.java:203)
at Utils.Testmethod.waitVisibilityOfElement(Testmethod.java:22)
at Utils.Testmethod.click(Testmethod.java:27)
at ObjectFile.Home_page2.SignUp(Home_page2.java:136)
at Testcase.Verified_Sign_Up_Page.Verified_SignUp_Page(Verified_Sign_Up_Page.java:15)
at java.base/java.util.ArrayList.forEach(ArrayList.java:1596)
... Removed 25 stack frames]]>
    </failure>
  </testcase> <!-- Verified_SignUp_Page -->
  <testcase classname="Testcase.Verified_Forgotpassword_Testcase" name="Verified_Forgot_Testcase" time="4.018">
    <failure type="java.lang.NullPointerException" message="Cannot invoke &amp;quot;org.openqa.selenium.WebDriver.findElement(org.openqa.selenium.By)&amp;quot; because &amp;quot;driver&amp;quot; is null">
      <![CDATA[java.lang.NullPointerException: Cannot invoke "org.openqa.selenium.WebDriver.findElement(org.openqa.selenium.By)" because "driver" is null
at org.openqa.selenium.support.ui.ExpectedConditions$7.apply(ExpectedConditions.java:194)
at org.openqa.selenium.support.ui.ExpectedConditions$7.apply(ExpectedConditions.java:190)
at org.openqa.selenium.support.ui.FluentWait.until(FluentWait.java:203)
at Utils.Testmethod.waitVisibilityOfElement(Testmethod.java:22)
at Utils.Testmethod.click(Testmethod.java:27)
at ObjectFile.Home_page2.Forgotpasswords(Home_page2.java:159)
at Testcase.Verified_Forgotpassword_Testcase.Verified_Forgot_Testcase(Verified_Forgotpassword_Testcase.java:13)
at java.base/java.util.ArrayList.forEach(ArrayList.java:1596)
... Removed 25 stack frames]]>
    </failure>
  </testcase> <!-- Verified_Forgot_Testcase -->
  <testcase classname="Utils.TestBase" name="@BeforeTest setup" time="0.0">
    <ignored/>
  </testcase> <!-- @BeforeTest setup -->
  <testcase classname="Utils.TestBase" name="@BeforeTest setup" time="0.0">
    <ignored/>
  </testcase> <!-- @BeforeTest setup -->
  <testcase classname="Utils.TestBase" name="@BeforeTest setup" time="0.0">
    <ignored/>
  </testcase> <!-- @BeforeTest setup -->
  <testcase classname="Utils.TestBase" name="@BeforeSuite reportsetup" time="0.0">
    <ignored/>
  </testcase> <!-- @BeforeSuite reportsetup -->
  <testcase classname="Utils.TestBase" name="@BeforeSuite reportsetup" time="0.0">
    <ignored/>
  </testcase> <!-- @BeforeSuite reportsetup -->
  <testcase classname="Utils.TestBase" name="@BeforeSuite reportsetup" time="0.0">
    <ignored/>
  </testcase> <!-- @BeforeSuite reportsetup -->
</testsuite> <!-- Test -->
